<?xml version="1.0" encoding="UTF-8" ?>
<testsuites errors="0"
            failures="0"
            tests="4">

  <testsuite name="module.e2e"
    errors="0" failures="0" hostname="" id="" package="module.e2e" skipped="0"
    tests="4" time="5.699" timestamp="Sat, 09 Sep 2017 13:18:18 GMT">
  
    <testcase name="Main Page loaded with initial state ordered by last_name" classname="module.e2e" time="3.259" assertions="3">

    

    

    
    </testcase>
  
    <testcase name="Navigation Transitions between pages" classname="module.e2e" time="1.617" assertions="8">

    

    

    

    

    

    

    

    
    </testcase>
  
    <testcase name="Testing Sorting by age" classname="module.e2e" time="0.4460" assertions="3">

    

    

    
    </testcase>
  
    <testcase name="can Delete rows in main page" classname="module.e2e" time="0.3770" assertions="3">

    

    

    
    </testcase>
  

  

  
  </testsuite>
</testsuites>
